Hammerdb Log @ Tue May 11 11:20:20 -05 2021
+-+-+-+-+-+-+-+-+-+-+-+-+-+-+-+-+-+-+-+-+-+-
Vuser 1:Beginning rampup time of 2 minutes
Vuser 2:Processing 1000000 transactions with output suppressed...
Vuser 1:Rampup 1 minutes complete ...
Vuser 1:Rampup 2 minutes complete ...
Vuser 1:Rampup complete, Taking start Transaction Count.
Vuser 1:Timing test period of 5 in minutes
Vuser 1:1 ...,
Vuser 1:2 ...,
Vuser 1:3 ...,
Vuser 1:4 ...,
Vuser 1:5 ...,
Vuser 1:Test complete, Taking end Transaction Count.
Vuser 1:1 Active Virtual Users configured
Vuser 1:TEST RESULT : System achieved 311 NOPM from 980 MySQL TPM
Hammerdb Log @ Tue May 11 11:27:33 -05 2021
+-+-+-+-+-+-+-+-+-+-+-+-+-+-+-+-+-+-+-+-+-+-
Vuser 1:Beginning rampup time of 2 minutes
Vuser 2:Processing 1000000 transactions with output suppressed...
Vuser 3:Processing 1000000 transactions with output suppressed...
Vuser 1:Rampup 1 minutes complete ...
Vuser 1:Rampup 2 minutes complete ...
Vuser 1:Rampup complete, Taking start Transaction Count.
Vuser 1:Timing test period of 5 in minutes
Vuser 1:1 ...,
Vuser 1:2 ...,
Vuser 1:3 ...,
Vuser 1:4 ...,
Vuser 1:5 ...,
Vuser 1:Test complete, Taking end Transaction Count.
Vuser 1:2 Active Virtual Users configured
Vuser 1:TEST RESULT : System achieved 466 NOPM from 1453 MySQL TPM
Hammerdb Log @ Tue May 11 11:34:57 -05 2021
+-+-+-+-+-+-+-+-+-+-+-+-+-+-+-+-+-+-+-+-+-+-
Vuser 1:Beginning rampup time of 2 minutes
Vuser 2:Processing 1000000 transactions with output suppressed...
Vuser 3:Processing 1000000 transactions with output suppressed...
Vuser 4:Processing 1000000 transactions with output suppressed...
Vuser 5:Processing 1000000 transactions with output suppressed...
Hammerdb Log @ Tue May 11 11:46:53 -05 2021
+-+-+-+-+-+-+-+-+-+-+-+-+-+-+-+-+-+-+-+-+-+-
Vuser 1:Beginning rampup time of 2 minutes
Vuser 2:Processing 1000000 transactions with output suppressed...
Vuser 1:Rampup 1 minutes complete ...
Vuser 1:Rampup 2 minutes complete ...
Vuser 1:Rampup complete, Taking start Transaction Count.
Vuser 1:Timing test period of 5 in minutes
Vuser 1:1 ...,
Vuser 1:2 ...,
Vuser 1:3 ...,
Vuser 1:4 ...,
Vuser 1:5 ...,
Vuser 1:Test complete, Taking end Transaction Count.
Vuser 1:1 Active Virtual Users configured
Vuser 1:TEST RESULT : System achieved 344 NOPM from 1001 MySQL TPM
Hammerdb Log @ Tue May 11 11:54:12 -05 2021
+-+-+-+-+-+-+-+-+-+-+-+-+-+-+-+-+-+-+-+-+-+-
Vuser 1:Beginning rampup time of 2 minutes
Vuser 2:Processing 1000000 transactions with output suppressed...
Vuser 3:Processing 1000000 transactions with output suppressed...
Vuser 1:Rampup 1 minutes complete ...
Vuser 1:Rampup 2 minutes complete ...
Vuser 1:Rampup complete, Taking start Transaction Count.
Vuser 1:Timing test period of 5 in minutes
Vuser 1:1 ...,
Vuser 1:2 ...,
Vuser 1:3 ...,
Vuser 1:4 ...,
Vuser 1:5 ...,
Vuser 1:Test complete, Taking end Transaction Count.
Vuser 1:2 Active Virtual Users configured
Vuser 1:TEST RESULT : System achieved 509 NOPM from 1489 MySQL TPM
Hammerdb Log @ Tue May 11 12:01:33 -05 2021
+-+-+-+-+-+-+-+-+-+-+-+-+-+-+-+-+-+-+-+-+-+-
Vuser 1:Beginning rampup time of 2 minutes
Vuser 2:Processing 1000000 transactions with output suppressed...
Vuser 3:Processing 1000000 transactions with output suppressed...
Vuser 4:Processing 1000000 transactions with output suppressed...
Vuser 5:Processing 1000000 transactions with output suppressed...
Vuser 1:Rampup 1 minutes complete ...
Vuser 1:Rampup 2 minutes complete ...
Vuser 1:Rampup complete, Taking start Transaction Count.
Vuser 1:Timing test period of 5 in minutes
Vuser 1:1 ...,
Vuser 1:2 ...,
Vuser 1:3 ...,
Vuser 1:4 ...,
Vuser 1:5 ...,
Vuser 1:Test complete, Taking end Transaction Count.
Vuser 1:4 Active Virtual Users configured
Vuser 1:TEST RESULT : System achieved 670 NOPM from 2016 MySQL TPM
Hammerdb Log @ Tue May 11 12:08:59 -05 2021
+-+-+-+-+-+-+-+-+-+-+-+-+-+-+-+-+-+-+-+-+-+-
Vuser 1:Beginning rampup time of 2 minutes
Vuser 2:Processing 1000000 transactions with output suppressed...
Vuser 3:Processing 1000000 transactions with output suppressed...
Vuser 4:Processing 1000000 transactions with output suppressed...
Vuser 5:Processing 1000000 transactions with output suppressed...
Vuser 6:Processing 1000000 transactions with output suppressed...
Vuser 7:Processing 1000000 transactions with output suppressed...
Vuser 8:Processing 1000000 transactions with output suppressed...
Vuser 9:Processing 1000000 transactions with output suppressed...
Vuser 1:Rampup 1 minutes complete ...
Vuser 1:Rampup 2 minutes complete ...
Vuser 1:Rampup complete, Taking start Transaction Count.
Vuser 1:Timing test period of 5 in minutes
Vuser 1:1 ...,
Vuser 1:2 ...,
Vuser 1:3 ...,
Vuser 1:4 ...,
Vuser 1:5 ...,
Vuser 1:Test complete, Taking end Transaction Count.
Vuser 1:8 Active Virtual Users configured
Vuser 1:TEST RESULT : System achieved 752 NOPM from 2259 MySQL TPM
Hammerdb Log @ Tue May 11 12:17:33 -05 2021
+-+-+-+-+-+-+-+-+-+-+-+-+-+-+-+-+-+-+-+-+-+-
Vuser 1:Beginning rampup time of 2 minutes
Vuser 2:Processing 1000000 transactions with output suppressed...
Vuser 3:Processing 1000000 transactions with output suppressed...
Vuser 4:Processing 1000000 transactions with output suppressed...
Vuser 5:Processing 1000000 transactions with output suppressed...
Vuser 6:Processing 1000000 transactions with output suppressed...
Vuser 7:Processing 1000000 transactions with output suppressed...
Vuser 8:Processing 1000000 transactions with output suppressed...
Vuser 9:Processing 1000000 transactions with output suppressed...
Vuser 10:Processing 1000000 transactions with output suppressed...
Vuser 11:Processing 1000000 transactions with output suppressed...
Vuser 12:Processing 1000000 transactions with output suppressed...
Vuser 13:Processing 1000000 transactions with output suppressed...
Vuser 14:Processing 1000000 transactions with output suppressed...
Vuser 15:Processing 1000000 transactions with output suppressed...
Vuser 16:Processing 1000000 transactions with output suppressed...
Vuser 17:Processing 1000000 transactions with output suppressed...
Vuser 1:Rampup 1 minutes complete ...
Vuser 1:Rampup 2 minutes complete ...
Vuser 1:Rampup complete, Taking start Transaction Count.
Vuser 1:Timing test period of 5 in minutes
Vuser 1:1 ...,
Vuser 1:2 ...,
Vuser 1:3 ...,
Vuser 1:4 ...,
Vuser 1:5 ...,
Vuser 1:Test complete, Taking end Transaction Count.
Vuser 1:16 Active Virtual Users configured
Vuser 1:TEST RESULT : System achieved 718 NOPM from 2274 MySQL TPM
Hammerdb Log @ Tue May 11 12:25:17 -05 2021
+-+-+-+-+-+-+-+-+-+-+-+-+-+-+-+-+-+-+-+-+-+-
Vuser 1:Beginning rampup time of 2 minutes
Vuser 2:Processing 1000000 transactions with output suppressed...
Vuser 3:Processing 1000000 transactions with output suppressed...
Vuser 4:Processing 1000000 transactions with output suppressed...
Vuser 5:Processing 1000000 transactions with output suppressed...
Vuser 6:Processing 1000000 transactions with output suppressed...
Vuser 7:Processing 1000000 transactions with output suppressed...
Vuser 8:Processing 1000000 transactions with output suppressed...
Vuser 9:Processing 1000000 transactions with output suppressed...
Vuser 10:Processing 1000000 transactions with output suppressed...
Vuser 11:Processing 1000000 transactions with output suppressed...
Vuser 12:Processing 1000000 transactions with output suppressed...
Vuser 13:Processing 1000000 transactions with output suppressed...
Vuser 14:Processing 1000000 transactions with output suppressed...
Vuser 15:Processing 1000000 transactions with output suppressed...
Vuser 16:Processing 1000000 transactions with output suppressed...
Vuser 17:Processing 1000000 transactions with output suppressed...
Vuser 18:Processing 1000000 transactions with output suppressed...
Vuser 19:Processing 1000000 transactions with output suppressed...
Vuser 20:Processing 1000000 transactions with output suppressed...
Vuser 21:Processing 1000000 transactions with output suppressed...
Vuser 22:Processing 1000000 transactions with output suppressed...
Vuser 23:Processing 1000000 transactions with output suppressed...
Vuser 24:Processing 1000000 transactions with output suppressed...
Vuser 25:Processing 1000000 transactions with output suppressed...
Vuser 26:Processing 1000000 transactions with output suppressed...
Vuser 27:Processing 1000000 transactions with output suppressed...
Vuser 28:Processing 1000000 transactions with output suppressed...
Vuser 29:Processing 1000000 transactions with output suppressed...
Vuser 30:Processing 1000000 transactions with output suppressed...
Vuser 31:Processing 1000000 transactions with output suppressed...
Vuser 32:Processing 1000000 transactions with output suppressed...
Vuser 33:Processing 1000000 transactions with output suppressed...
Vuser 1:Rampup 1 minutes complete ...
Vuser 1:Rampup 2 minutes complete ...
Vuser 1:Rampup complete, Taking start Transaction Count.
Vuser 1:Timing test period of 5 in minutes
Vuser 1:1 ...,
Vuser 1:2 ...,
Vuser 1:3 ...,
Vuser 1:4 ...,
Vuser 1:5 ...,
Vuser 1:Test complete, Taking end Transaction Count.
Vuser 1:32 Active Virtual Users configured
Vuser 1:TEST RESULT : System achieved 709 NOPM from 2209 MySQL TPM
Hammerdb Log @ Tue May 11 12:33:14 -05 2021
+-+-+-+-+-+-+-+-+-+-+-+-+-+-+-+-+-+-+-+-+-+-
Vuser 1:Beginning rampup time of 2 minutes
Vuser 2:Processing 1000000 transactions with output suppressed...
Vuser 3:Processing 1000000 transactions with output suppressed...
Vuser 4:Processing 1000000 transactions with output suppressed...
Vuser 5:Processing 1000000 transactions with output suppressed...
Vuser 6:Processing 1000000 transactions with output suppressed...
Vuser 7:Processing 1000000 transactions with output suppressed...
Vuser 8:Processing 1000000 transactions with output suppressed...
Vuser 9:Processing 1000000 transactions with output suppressed...
Vuser 10:Processing 1000000 transactions with output suppressed...
Vuser 11:Processing 1000000 transactions with output suppressed...
Vuser 12:Processing 1000000 transactions with output suppressed...
Vuser 13:Processing 1000000 transactions with output suppressed...
Vuser 14:Processing 1000000 transactions with output suppressed...
Vuser 15:Processing 1000000 transactions with output suppressed...
Vuser 16:Processing 1000000 transactions with output suppressed...
Vuser 17:Processing 1000000 transactions with output suppressed...
Vuser 18:Processing 1000000 transactions with output suppressed...
Vuser 19:Processing 1000000 transactions with output suppressed...
Vuser 20:Processing 1000000 transactions with output suppressed...
Vuser 21:Processing 1000000 transactions with output suppressed...
Vuser 22:Processing 1000000 transactions with output suppressed...
Vuser 23:Processing 1000000 transactions with output suppressed...
Vuser 24:Processing 1000000 transactions with output suppressed...
Vuser 25:Processing 1000000 transactions with output suppressed...
Vuser 26:Processing 1000000 transactions with output suppressed...
Vuser 27:Processing 1000000 transactions with output suppressed...
Vuser 28:Processing 1000000 transactions with output suppressed...
Vuser 29:Processing 1000000 transactions with output suppressed...
Vuser 30:Processing 1000000 transactions with output suppressed...
Vuser 31:Processing 1000000 transactions with output suppressed...
Vuser 32:Processing 1000000 transactions with output suppressed...
Vuser 33:Processing 1000000 transactions with output suppressed...
Vuser 34:Processing 1000000 transactions with output suppressed...
Vuser 35:Processing 1000000 transactions with output suppressed...
Vuser 36:Processing 1000000 transactions with output suppressed...
Vuser 37:Processing 1000000 transactions with output suppressed...
Vuser 38:Processing 1000000 transactions with output suppressed...
Vuser 39:Processing 1000000 transactions with output suppressed...
Vuser 40:Processing 1000000 transactions with output suppressed...
Vuser 41:Processing 1000000 transactions with output suppressed...
Vuser 42:Processing 1000000 transactions with output suppressed...
Vuser 43:Processing 1000000 transactions with output suppressed...
Vuser 44:Processing 1000000 transactions with output suppressed...
Vuser 45:Processing 1000000 transactions with output suppressed...
Vuser 46:Processing 1000000 transactions with output suppressed...
Vuser 47:Processing 1000000 transactions with output suppressed...
Vuser 48:Processing 1000000 transactions with output suppressed...
Vuser 49:Processing 1000000 transactions with output suppressed...
Vuser 50:Processing 1000000 transactions with output suppressed...
Vuser 51:Processing 1000000 transactions with output suppressed...
Vuser 52:Processing 1000000 transactions with output suppressed...
Vuser 53:Processing 1000000 transactions with output suppressed...
Vuser 54:Processing 1000000 transactions with output suppressed...
Vuser 55:Processing 1000000 transactions with output suppressed...
Vuser 56:Processing 1000000 transactions with output suppressed...
Vuser 57:Processing 1000000 transactions with output suppressed...
Vuser 58:Processing 1000000 transactions with output suppressed...
Vuser 59:Processing 1000000 transactions with output suppressed...
Vuser 60:Processing 1000000 transactions with output suppressed...
Vuser 61:Processing 1000000 transactions with output suppressed...
Vuser 62:Processing 1000000 transactions with output suppressed...
Vuser 63:Processing 1000000 transactions with output suppressed...
Vuser 64:Processing 1000000 transactions with output suppressed...
Vuser 65:Processing 1000000 transactions with output suppressed...
Vuser 1:Rampup 1 minutes complete ...
Vuser 1:Rampup 2 minutes complete ...
Vuser 1:Rampup complete, Taking start Transaction Count.
Vuser 1:Timing test period of 5 in minutes
Vuser 1:1 ...,
Vuser 1:2 ...,
Vuser 1:3 ...,
Vuser 1:4 ...,
Vuser 1:5 ...,
Vuser 1:Test complete, Taking end Transaction Count.
Vuser 1:64 Active Virtual Users configured
Vuser 1:TEST RESULT : System achieved 711 NOPM from 2256 MySQL TPM
