MySQL Hammerdb Time Profile Report @ Sun May 09 09:16:33 -05 2021
+-+-+-+-+-+-+-+-+-+-+-+-+-+-+-+-+-+-+-+-+-+-+-+-+-+-+-+-+-+-+-+-+-+-+-+-+-+
>>>>> VIRTUAL USER 2 : ELAPSED TIME : 428688ms
>>>>> PROC: NEWORD
CALLS: 4270	MIN: 3.019ms	AVG: 39.695ms	MAX: 260.746ms	TOTAL: 169496.587ms
P99: 132.013ms	P95: 90.947ms	P50: 32.801ms	SD: 24086.869	RATIO: 39.538%
>>>>> PROC: PAYMENT
CALLS: 4199	MIN: 8.163ms	AVG: 32.217ms	MAX: 232.598ms	TOTAL: 135277.154ms
P99: 113.935ms	P95: 67.824ms	P50: 27.625ms	SD: 19663.188	RATIO: 31.556%
>>>>> PROC: DELIVERY
CALLS: 402	MIN: 104.328ms	AVG: 291.557ms	MAX: 663.894ms	TOTAL: 117206.103ms
P99: 500.434ms	P95: 421.834ms	P50: 288.129ms	SD: 79078.829	RATIO: 27.341%
>>>>> PROC: OSTAT
CALLS: 447	MIN: 0.684ms	AVG: 6.816ms	MAX: 79.245ms	TOTAL: 3046.860ms
P99: 42.920ms	P95: 25.561ms	P50: 4.141ms	SD: 8435.432	RATIO: 0.711%
>>>>> PROC: SLEV
CALLS: 410	MIN: 0.685ms	AVG: 5.892ms	MAX: 238.172ms	TOTAL: 2415.769ms
P99: 35.294ms	P95: 16.276ms	P50: 3.574ms	SD: 12989.994	RATIO: 0.564%
+-+-+-+-+-+-+-+-+-+-+-+-+-+-+-+-+-+-+-+-+-+-+-+-+-+-+-+-+-+-+-+-+-+-+-+-+-+
>>>>> VIRTUAL USER 3 : ELAPSED TIME : 421126ms
>>>>> PROC: NEWORD
CALLS: 4033	MIN: 3.313ms	AVG: 39.602ms	MAX: 215.615ms	TOTAL: 159716.551ms
P99: 127.078ms	P95: 89.525ms	P50: 33.321ms	SD: 23321.968	RATIO: 37.926%
>>>>> PROC: PAYMENT
CALLS: 3979	MIN: 7.867ms	AVG: 32.636ms	MAX: 291.309ms	TOTAL: 129856.845ms
P99: 107.670ms	P95: 70.109ms	P50: 27.972ms	SD: 19788.111	RATIO: 30.836%
>>>>> PROC: DELIVERY
CALLS: 430	MIN: 111.168ms	AVG: 291.323ms	MAX: 703.074ms	TOTAL: 125268.763ms
P99: 577.236ms	P95: 424.058ms	P50: 285.024ms	SD: 83666.539	RATIO: 29.746%
>>>>> PROC: OSTAT
CALLS: 413	MIN: 0.417ms	AVG: 6.605ms	MAX: 96.145ms	TOTAL: 2727.848ms
P99: 39.867ms	P95: 20.981ms	P50: 4.205ms	SD: 8354.016	RATIO: 0.648%
>>>>> PROC: SLEV
CALLS: 361	MIN: 0.872ms	AVG: 6.609ms	MAX: 287.883ms	TOTAL: 2385.744ms
P99: 38.203ms	P95: 19.469ms	P50: 3.600ms	SD: 17422.713	RATIO: 0.567%
+-+-+-+-+-+-+-+-+-+-+-+-+-+-+-+-+-+-+-+-+-+-+-+-+-+-+-+-+-+-+-+-+-+-+-+-+-+
>>>>> SUMMARY OF 2 ACTIVE VIRTUAL USERS : MEDIAN ELAPSED TIME : 424907ms
>>>>> PROC: NEWORD
CALLS: 8303	MIN: 3.019ms	AVG: 39.649ms	MAX: 260.746ms	TOTAL: 329213.143ms
P99: 128.481ms	P95: 90.448ms	P50: 33.087ms	SD: 23717.035	RATIO: 38.739%
>>>>> PROC: PAYMENT
CALLS: 8178	MIN: 7.867ms	AVG: 32.420ms	MAX: 291.308ms	TOTAL: 265134.002ms
P99: 112.074ms	P95: 68.851ms	P50: 27.798ms	SD: 19723.973	RATIO: 31.199%
>>>>> PROC: DELIVERY
CALLS: 832	MIN: 104.328ms	AVG: 291.435ms	MAX: 703.074ms	TOTAL: 242474.862ms
P99: 531.156ms	P95: 421.917ms	P50: 286.306ms	SD: 81433.368	RATIO: 28.533%
>>>>> PROC: OSTAT
CALLS: 860	MIN: 0.417ms	AVG: 6.714ms	MAX: 96.145ms	TOTAL: 5774.709ms
P99: 39.867ms	P95: 22.925ms	P50: 4.167ms	SD: 8392.211	RATIO: 0.680%
>>>>> PROC: SLEV
CALLS: 771	MIN: 0.685ms	AVG: 6.227ms	MAX: 287.882ms	TOTAL: 4801.513ms
P99: 37.967ms	P95: 16.923ms	P50: 3.583ms	SD: 15220.950	RATIO: 0.565%
+-+-+-+-+-+-+-+-+-+-+-+-+-+-+-+-+-+-+-+-+-+-+-+-+-+-+-+-+-+-+-+-+-+-+-+-+-+
